c:\lcw\prj\car_prj\car_prj\x64\debug\vc143.pdb
c:\lcw\prj\car_prj\car_prj\x64\debug\vc143.idb
c:\lcw\prj\car_prj\car_prj\x64\debug\gmock-all.obj
c:\lcw\prj\car_prj\car_prj\x64\debug\gtest-all.obj
c:\lcw\prj\car_prj\car_prj\x64\debug\main.obj
c:\lcw\prj\car_prj\car_prj\x64\debug\car_asm.obj
c:\lcw\prj\car_prj\car_prj\x64\debug\car_test.obj
c:\lcw\prj\car_prj\x64\debug\car_prj.exe
c:\lcw\prj\car_prj\x64\debug\car_prj.pdb
c:\lcw\prj\car_prj\car_prj\x64\debug\car_prj.ilk
c:\lcw\prj\car_prj\car_prj\x64\debug\cal.obj
c:\lcw\prj\car_prj\car_prj\x64\debug\cal_test.obj
c:\lcw\prj\car_prj\car_prj\x64\debug\car_prj.tlog\cl.command.1.tlog
c:\lcw\prj\car_prj\car_prj\x64\debug\car_prj.tlog\cl.items.tlog
c:\lcw\prj\car_prj\car_prj\x64\debug\car_prj.tlog\cl.read.1.tlog
c:\lcw\prj\car_prj\car_prj\x64\debug\car_prj.tlog\cl.write.1.tlog
c:\lcw\prj\car_prj\car_prj\x64\debug\car_prj.tlog\link-cvtres.read.1.tlog
c:\lcw\prj\car_prj\car_prj\x64\debug\car_prj.tlog\link-cvtres.write.1.tlog
c:\lcw\prj\car_prj\car_prj\x64\debug\car_prj.tlog\link-rc.read.1.tlog
c:\lcw\prj\car_prj\car_prj\x64\debug\car_prj.tlog\link-rc.write.1.tlog
c:\lcw\prj\car_prj\car_prj\x64\debug\car_prj.tlog\link.12824-cvtres.read.1.tlog
c:\lcw\prj\car_prj\car_prj\x64\debug\car_prj.tlog\link.12824-cvtres.write.1.tlog
c:\lcw\prj\car_prj\car_prj\x64\debug\car_prj.tlog\link.12824-rc.read.1.tlog
c:\lcw\prj\car_prj\car_prj\x64\debug\car_prj.tlog\link.12824-rc.write.1.tlog
c:\lcw\prj\car_prj\car_prj\x64\debug\car_prj.tlog\link.12824.read.1.tlog
c:\lcw\prj\car_prj\car_prj\x64\debug\car_prj.tlog\link.12824.read.2.tlog
c:\lcw\prj\car_prj\car_prj\x64\debug\car_prj.tlog\link.12824.write.1.tlog
c:\lcw\prj\car_prj\car_prj\x64\debug\car_prj.tlog\link.command.1.tlog
c:\lcw\prj\car_prj\car_prj\x64\debug\car_prj.tlog\link.read.1.tlog
c:\lcw\prj\car_prj\car_prj\x64\debug\car_prj.tlog\link.read.2.tlog
c:\lcw\prj\car_prj\car_prj\x64\debug\car_prj.tlog\link.secondary.1.tlog
c:\lcw\prj\car_prj\car_prj\x64\debug\car_prj.tlog\link.write.1.tlog
